{
  "RSpec": {
    "coverage": {
      "D:/RUBY_RAILS/jedzeniowo/config/environment.rb": [
        null,
        1,
        null,
        null,
        1
      ],
      "D:/RUBY_RAILS/jedzeniowo/config/application.rb": [
        1,
        null,
        null,
        1,
        1,
        1,
        1,
        null,
        null,
        null,
        null,
        1,
        null,
        1,
        1,
        1,
        null,
        null,
        null,
        null,
        null,
        null,
        null,
        null,
        null,
        null,
        null,
        1,
        null,
        null
      ],
      "D:/RUBY_RAILS/jedzeniowo/config/boot.rb": [
        null,
        1,
        null,
        1
      ],
      "D:/RUBY_RAILS/jedzeniowo/config/environments/test.rb": [
        1,
        null,
        null,
        null,
        null,
        null,
        null,
        1,
        null,
        null,
        null,
        null,
        1,
        null,
        null,
        1,
        1,
        null,
        null,
        1,
        1,
        null,
        null,
        1,
        null,
        null,
        1,
        null,
        null,
        null,
        null,
        1,
        null,
        null,
        1,
        1,
        null
      ],
      "D:/RUBY_RAILS/jedzeniowo/config/initializers/backtrace_silencers.rb": [
        null,
        null,
        null,
        null,
        null,
        null,
        null
      ],
      "D:/RUBY_RAILS/jedzeniowo/config/initializers/filter_parameter_logging.rb": [
        null,
        null,
        null,
        1
      ],
      "D:/RUBY_RAILS/jedzeniowo/config/initializers/inflections.rb": [
        null,
        null,
        null,
        null,
        null,
        null,
        null,
        null,
        null,
        null,
        null,
        null,
        null,
        null,
        null,
        null
      ],
      "D:/RUBY_RAILS/jedzeniowo/config/initializers/mime_types.rb": [
        null,
        null,
        null,
        null,
        null
      ],
      "D:/RUBY_RAILS/jedzeniowo/config/initializers/secret_token.rb": [
        1,
        1,
        1,
        1,
        null,
        0,
        0,
        0,
        null,
        null,
        1
      ],
      "D:/RUBY_RAILS/jedzeniowo/config/initializers/session_store.rb": [
        null,
        null,
        1
      ],
      "D:/RUBY_RAILS/jedzeniowo/config/initializers/wrap_parameters.rb": [
        null,
        null,
        null,
        null,
        null,
        null,
        1,
        1,
        null,
        null,
        null,
        null,
        null,
        null
      ],
      "D:/RUBY_RAILS/jedzeniowo/spec/factories/dishes.rb": [
        null,
        null,
        1,
        1,
        1,
        1,
        null,
        null
      ],
      "D:/RUBY_RAILS/jedzeniowo/spec/factories/ingredients.rb": [
        null,
        null,
        1,
        1,
        1,
        1,
        1,
        null,
        null
      ],
      "D:/RUBY_RAILS/jedzeniowo/spec/factories/products.rb": [
        1,
        1,
        1,
        1,
        1,
        1,
        1,
        null,
        null
      ],
      "D:/RUBY_RAILS/jedzeniowo/spec/factories/users.rb": [
        null,
        null,
        1,
        1,
        1,
        1,
        1,
        1,
        null,
        1,
        1,
        null,
        null,
        null
      ],
      "D:/RUBY_RAILS/jedzeniowo/config/routes.rb": [
        1,
        1,
        1,
        1,
        1,
        1,
        1,
        1,
        1,
        1,
        null,
        1,
        1,
        1,
        1,
        null,
        1,
        1,
        1,
        1,
        null,
        1,
        null
      ],
      "D:/RUBY_RAILS/jedzeniowo/app/helpers/application_helper.rb": [
        1,
        1,
        70,
        70,
        9,
        null,
        61,
        null,
        null,
        null
      ],
      "D:/RUBY_RAILS/jedzeniowo/app/helpers/dishes_helper.rb": [
        1,
        null,
        null
      ],
      "D:/RUBY_RAILS/jedzeniowo/app/helpers/pages_helper.rb": [
        1,
        null
      ],
      "D:/RUBY_RAILS/jedzeniowo/app/helpers/products_helper.rb": [
        1,
        null
      ],
      "D:/RUBY_RAILS/jedzeniowo/app/helpers/sessions_helper.rb": [
        1,
        null,
        1,
        21,
        21,
        21,
        21,
        null,
        null,
        1,
        180,
        null,
        null,
        1,
        21,
        null,
        null,
        1,
        278,
        278,
        null,
        null,
        1,
        0,
        null,
        null,
        1,
        0,
        0,
        0,
        null,
        null,
        1,
        21,
        21,
        null,
        null,
        1,
        0,
        null,
        null,
        1,
        40,
        0,
        0,
        null,
        null,
        null
      ],
      "D:/RUBY_RAILS/jedzeniowo/app/helpers/users_helper.rb": [
        1,
        null
      ],
      "D:/RUBY_RAILS/jedzeniowo/spec/support/utilities.rb": [
        1,
        null,
        1,
        0,
        0,
        null,
        null,
        null,
        1,
        1,
        1,
        null,
        null,
        null,
        1,
        21,
        0,
        0,
        0,
        null,
        21,
        21,
        21,
        21,
        null,
        null,
        null,
        1,
        0,
        0,
        0,
        null,
        null,
        null,
        null,
        1,
        21,
        21,
        126,
        null,
        null,
        null,
        1,
        0,
        0,
        0,
        null,
        0,
        0,
        null,
        null
      ],
      "D:/RUBY_RAILS/jedzeniowo/app/models/user.rb": [
        1,
        43,
        1,
        null,
        1,
        1,
        1,
        1,
        null,
        1,
        null,
        1,
        1,
        null,
        1,
        42,
        null,
        null,
        1,
        320,
        null,
        null,
        1,
        null,
        1,
        21,
        null,
        null
      ],
      "D:/RUBY_RAILS/jedzeniowo/app/models/product.rb": [
        1,
        1,
        null,
        1,
        1,
        171,
        null,
        1,
        1,
        null,
        1,
        null,
        1,
        null,
        1,
        null,
        null,
        1,
        126,
        null,
        null,
        1,
        126,
        null,
        null,
        1,
        126,
        null,
        null,
        1,
        126,
        null,
        null
      ],
      "D:/RUBY_RAILS/jedzeniowo/app/controllers/sessions_controller.rb": [
        1,
        null,
        1,
        null,
        null,
        1,
        21,
        21,
        21,
        21,
        null,
        0,
        0,
        null,
        null,
        null,
        1,
        0,
        0,
        null,
        null
      ],
      "D:/RUBY_RAILS/jedzeniowo/app/controllers/application_controller.rb": [
        1,
        null,
        null,
        1,
        1,
        null
      ],
      "D:/RUBY_RAILS/jedzeniowo/app/controllers/users_controller.rb": [
        1,
        1,
        1,
        1,
        1,
        1,
        null,
        1,
        0,
        null,
        null,
        1,
        0,
        0,
        0,
        0,
        0,
        null,
        0,
        null,
        null,
        null,
        1,
        null,
        null,
        1,
        null,
        null,
        1,
        0,
        0,
        0,
        null,
        0,
        null,
        null,
        null,
        1,
        0,
        null,
        null,
        1,
        0,
        0,
        0,
        null,
        null,
        1,
        null,
        1,
        0,
        null,
        null,
        1,
        21,
        null,
        null,
        1,
        0,
        0,
        0,
        null,
        null,
        null,
        1,
        0,
        null,
        null,
        1,
        0,
        null,
        null
      ],
      "D:/RUBY_RAILS/jedzeniowo/app/controllers/dishes_controller.rb": [
        1,
        1,
        null,
        1,
        7,
        7,
        5,
        null,
        null,
        null,
        1,
        7,
        null,
        null,
        1,
        16,
        16,
        16,
        null,
        null,
        1,
        null,
        null,
        1,
        10,
        10,
        10,
        7,
        7,
        null,
        3,
        null,
        null,
        null,
        1,
        null,
        null,
        1,
        null,
        null,
        1,
        10,
        null,
        null,
        null,
        null
      ],
      "D:/RUBY_RAILS/jedzeniowo/app/models/dish.rb": [
        1,
        null,
        null,
        1,
        1,
        1,
        null,
        1,
        null,
        1,
        1,
        null,
        null
      ],
      "D:/RUBY_RAILS/jedzeniowo/app/models/ingredient.rb": [
        1,
        1,
        1,
        null,
        1,
        1,
        null,
        null,
        null
      ]
    },
    "timestamp": 1395688859
  }
}
