{
  "RSpec": {
    "coverage": {
      "D:/RUBY_RAILS/jedzeniowo/config/environment.rb": [
        null,
        1,
        null,
        null,
        1
      ],
      "D:/RUBY_RAILS/jedzeniowo/config/application.rb": [
        1,
        null,
        null,
        1,
        1,
        1,
        1,
        null,
        null,
        null,
        null,
        1,
        null,
        1,
        1,
        1,
        null,
        null,
        null,
        null,
        null,
        null,
        null,
        null,
        null,
        null,
        null,
        1,
        null,
        null
      ],
      "D:/RUBY_RAILS/jedzeniowo/config/boot.rb": [
        null,
        1,
        null,
        1
      ],
      "D:/RUBY_RAILS/jedzeniowo/config/environments/test.rb": [
        1,
        null,
        null,
        null,
        null,
        null,
        null,
        1,
        null,
        null,
        null,
        null,
        1,
        null,
        null,
        1,
        1,
        null,
        null,
        1,
        1,
        null,
        null,
        1,
        null,
        null,
        1,
        null,
        null,
        null,
        null,
        1,
        null,
        null,
        1,
        1,
        null
      ],
      "D:/RUBY_RAILS/jedzeniowo/config/initializers/backtrace_silencers.rb": [
        null,
        null,
        null,
        null,
        null,
        null,
        null
      ],
      "D:/RUBY_RAILS/jedzeniowo/config/initializers/filter_parameter_logging.rb": [
        null,
        null,
        null,
        1
      ],
      "D:/RUBY_RAILS/jedzeniowo/config/initializers/inflections.rb": [
        null,
        null,
        null,
        null,
        null,
        null,
        null,
        null,
        null,
        null,
        null,
        null,
        null,
        null,
        null,
        null
      ],
      "D:/RUBY_RAILS/jedzeniowo/config/initializers/mime_types.rb": [
        null,
        null,
        null,
        null,
        null
      ],
      "D:/RUBY_RAILS/jedzeniowo/config/initializers/secret_token.rb": [
        1,
        1,
        1,
        1,
        null,
        0,
        0,
        0,
        null,
        null,
        1
      ],
      "D:/RUBY_RAILS/jedzeniowo/config/initializers/session_store.rb": [
        null,
        null,
        1
      ],
      "D:/RUBY_RAILS/jedzeniowo/config/initializers/wrap_parameters.rb": [
        null,
        null,
        null,
        null,
        null,
        null,
        1,
        1,
        null,
        null,
        null,
        null,
        null,
        null
      ],
      "D:/RUBY_RAILS/jedzeniowo/spec/factories/dishes.rb": [
        null,
        null,
        1,
        1,
        1,
        1,
        null,
        null
      ],
      "D:/RUBY_RAILS/jedzeniowo/spec/factories/ingredients.rb": [
        null,
        null,
        1,
        1,
        1,
        1,
        1,
        null,
        null
      ],
      "D:/RUBY_RAILS/jedzeniowo/spec/factories/meal_types.rb": [
        null,
        null,
        1,
        1,
        1,
        1,
        null,
        null
      ],
      "D:/RUBY_RAILS/jedzeniowo/spec/factories/products.rb": [
        1,
        1,
        1,
        1,
        1,
        1,
        1,
        null,
        null
      ],
      "D:/RUBY_RAILS/jedzeniowo/spec/factories/users.rb": [
        null,
        null,
        1,
        1,
        1,
        1,
        1,
        1,
        null,
        1,
        1,
        null,
        null,
        null
      ],
      "D:/RUBY_RAILS/jedzeniowo/config/routes.rb": [
        1,
        1,
        1,
        1,
        1,
        1,
        1,
        1,
        1,
        1,
        null,
        1,
        1,
        1,
        1,
        1,
        null,
        1,
        1,
        1,
        1,
        null,
        1,
        null
      ],
      "D:/RUBY_RAILS/jedzeniowo/app/helpers/application_helper.rb": [
        1,
        1,
        455,
        455,
        13,
        null,
        442,
        null,
        null,
        null
      ],
      "D:/RUBY_RAILS/jedzeniowo/app/helpers/dishes_helper.rb": [
        1,
        null
      ],
      "D:/RUBY_RAILS/jedzeniowo/app/helpers/meal_types_helper.rb": [
        1,
        null
      ],
      "D:/RUBY_RAILS/jedzeniowo/app/helpers/pages_helper.rb": [
        1,
        null
      ],
      "D:/RUBY_RAILS/jedzeniowo/app/helpers/products_helper.rb": [
        1,
        null
      ],
      "D:/RUBY_RAILS/jedzeniowo/app/helpers/sessions_helper.rb": [
        1,
        null,
        1,
        116,
        116,
        116,
        116,
        null,
        null,
        1,
        1135,
        null,
        null,
        1,
        118,
        null,
        null,
        1,
        1777,
        1777,
        null,
        null,
        1,
        51,
        null,
        null,
        1,
        2,
        2,
        2,
        null,
        null,
        1,
        112,
        112,
        null,
        null,
        1,
        16,
        null,
        null,
        1,
        225,
        16,
        16,
        null,
        null,
        null
      ],
      "D:/RUBY_RAILS/jedzeniowo/app/helpers/users_helper.rb": [
        1,
        null
      ],
      "D:/RUBY_RAILS/jedzeniowo/spec/support/utilities.rb": [
        1,
        null,
        1,
        2,
        2,
        null,
        null,
        null,
        1,
        7,
        7,
        null,
        null,
        null,
        1,
        121,
        12,
        12,
        12,
        null,
        109,
        109,
        109,
        109,
        null,
        null,
        null,
        1,
        1,
        1,
        5,
        null,
        null,
        null,
        null,
        1,
        20,
        20,
        120,
        null,
        null,
        null,
        1,
        5,
        5,
        5,
        30,
        30,
        30,
        null,
        null
      ],
      "D:/RUBY_RAILS/jedzeniowo/spec/models/dish_spec.rb": [
        1,
        null,
        1,
        15,
        1,
        14,
        null,
        15,
        null,
        2,
        2,
        2,
        2,
        2,
        2,
        2,
        2,
        2,
        2,
        null,
        2,
        null,
        2,
        2,
        2,
        null,
        null
      ],
      "D:/RUBY_RAILS/jedzeniowo/app/models/dish.rb": [
        1,
        1,
        null,
        1,
        1,
        1,
        null,
        1,
        null,
        1,
        1,
        null,
        null,
        1,
        67,
        74,
        67,
        null,
        null,
        1,
        67,
        81,
        67,
        null,
        null,
        1,
        67,
        81,
        67,
        null,
        null,
        1,
        67,
        81,
        67,
        null,
        null
      ],
      "D:/RUBY_RAILS/jedzeniowo/spec/models/ingredient_spec.rb": [
        1,
        null,
        1,
        10,
        10,
        10,
        10,
        null,
        10,
        null,
        2,
        2,
        2,
        2,
        2,
        null,
        2,
        null,
        2,
        2,
        2,
        null
      ],
      "D:/RUBY_RAILS/jedzeniowo/app/models/ingredient.rb": [
        1,
        1,
        1,
        null,
        1,
        1,
        null,
        null,
        1,
        14,
        null,
        null,
        1,
        21,
        null,
        null,
        1,
        21,
        null,
        null,
        1,
        21,
        null,
        null,
        null
      ],
      "D:/RUBY_RAILS/jedzeniowo/spec/models/meal_type_spec.rb": [
        1,
        null,
        1,
        9,
        9,
        9,
        null,
        2,
        2,
        2,
        2,
        null,
        2,
        null,
        2,
        2,
        2,
        null
      ],
      "D:/RUBY_RAILS/jedzeniowo/app/models/meal_type.rb": [
        1,
        1,
        1,
        null,
        1,
        1,
        null,
        null,
        null
      ],
      "D:/RUBY_RAILS/jedzeniowo/spec/models/product_spec.rb": [
        1,
        null,
        1,
        28,
        1,
        27,
        null,
        null,
        null,
        null,
        null,
        28,
        null,
        2,
        2,
        2,
        2,
        2,
        2,
        2,
        2,
        2,
        2,
        2,
        2,
        2,
        null,
        2,
        null,
        2,
        2,
        2,
        null,
        2,
        2,
        2,
        2,
        2,
        2,
        2,
        2,
        2,
        null,
        1,
        2,
        null,
        2,
        null,
        null
      ],
      "D:/RUBY_RAILS/jedzeniowo/app/models/product.rb": [
        1,
        1,
        null,
        1,
        1,
        430,
        null,
        1,
        1,
        null,
        1,
        null,
        1,
        null,
        1,
        null,
        null,
        1,
        219,
        null,
        null,
        1,
        219,
        null,
        null,
        1,
        219,
        null,
        null,
        1,
        173,
        null,
        null
      ],
      "D:/RUBY_RAILS/jedzeniowo/spec/models/user_spec.rb": [
        1,
        null,
        1,
        28,
        null,
        null,
        null,
        22,
        null,
        2,
        2,
        2,
        2,
        2,
        2,
        2,
        2,
        2,
        2,
        null,
        2,
        2,
        2,
        2,
        null,
        1,
        1,
        1,
        1,
        null,
        null,
        2,
        null,
        null,
        null,
        null,
        null,
        null,
        null,
        null,
        null,
        null,
        null,
        null,
        null,
        null,
        null,
        null,
        null,
        1,
        1,
        1,
        null,
        1,
        5,
        5,
        null,
        null,
        null,
        null,
        1,
        1,
        1,
        1,
        4,
        4,
        null,
        null,
        null,
        null,
        1,
        1,
        1,
        1,
        1,
        null,
        2,
        null,
        null,
        1,
        2,
        2,
        null,
        null,
        null,
        null,
        null,
        null,
        null,
        1,
        2,
        2,
        null,
        null,
        1,
        4,
        4,
        null,
        1,
        2,
        null,
        null,
        1,
        3,
        2,
        2,
        null,
        null,
        null,
        1,
        2,
        null,
        1,
        1,
        1,
        1,
        null,
        null,
        null,
        1,
        2,
        2,
        null,
        null,
        1,
        1,
        2,
        null,
        3,
        3,
        null,
        1,
        1,
        null,
        null,
        1,
        1,
        1,
        1,
        1,
        1,
        8,
        null,
        null,
        null,
        null
      ],
      "D:/RUBY_RAILS/jedzeniowo/app/models/user.rb": [
        1,
        362,
        1,
        null,
        1,
        1,
        1,
        1,
        null,
        1,
        null,
        1,
        1,
        1,
        null,
        1,
        354,
        null,
        null,
        1,
        2131,
        null,
        null,
        1,
        null,
        1,
        224,
        null,
        null
      ],
      "D:/RUBY_RAILS/jedzeniowo/spec/requests/authentication_pages_spec.rb": [
        1,
        null,
        1,
        null,
        26,
        null,
        1,
        17,
        2,
        2,
        2,
        null,
        1,
        4,
        null,
        2,
        2,
        null,
        1,
        2,
        2,
        null,
        null,
        null,
        1,
        11,
        11,
        null,
        2,
        2,
        2,
        2,
        2,
        2,
        2,
        2,
        2,
        null,
        1,
        2,
        null,
        2,
        null,
        null,
        null,
        null,
        1,
        null,
        1,
        12,
        null,
        1,
        1,
        2,
        2,
        2,
        2,
        null,
        null,
        1,
        1,
        1,
        null,
        null,
        1,
        1,
        1,
        1,
        1,
        1,
        1,
        null,
        null,
        1,
        1,
        null,
        null,
        null,
        null,
        null,
        1,
        null,
        1,
        2,
        2,
        null,
        null,
        1,
        2,
        2,
        null,
        null,
        1,
        2,
        2,
        null,
        null,
        null,
        1,
        3,
        null,
        1,
        2,
        2,
        null,
        null,
        1,
        2,
        2,
        null,
        null,
        1,
        2,
        2,
        null,
        null,
        null,
        1,
        3,
        null,
        1,
        2,
        2,
        null,
        null,
        1,
        2,
        2,
        null,
        null,
        1,
        2,
        2,
        null,
        null,
        null,
        1,
        4,
        null,
        1,
        2,
        2,
        null,
        null,
        1,
        2,
        2,
        null,
        null,
        1,
        2,
        2,
        null,
        null,
        null,
        null,
        1,
        3,
        3,
        null,
        1,
        2,
        2,
        null,
        null,
        1,
        2,
        2,
        null,
        null,
        null,
        1,
        8,
        5,
        null,
        8,
        null,
        1,
        3,
        2,
        2,
        null,
        null,
        1,
        2,
        2,
        null,
        null,
        1,
        null,
        null,
        null,
        1,
        2,
        2,
        null,
        null,
        1,
        1,
        1,
        1,
        1,
        null,
        2,
        null,
        null,
        null,
        1,
        1,
        2,
        2,
        null,
        null,
        null,
        1,
        1,
        2,
        2,
        null,
        null,
        null,
        null,
        1,
        2,
        3,
        null,
        3,
        null,
        1,
        2,
        2,
        null,
        null,
        1,
        2,
        2,
        null,
        null,
        null,
        null
      ],
      "D:/RUBY_RAILS/jedzeniowo/spec/requests/dish_pages_spec.rb": [
        1,
        null,
        1,
        20,
        27,
        27,
        null,
        1,
        2,
        null,
        null,
        1,
        4,
        4,
        1,
        3,
        3,
        null,
        2,
        1,
        2,
        null,
        null,
        1,
        2,
        null,
        null,
        null,
        1,
        null,
        1,
        3,
        null,
        2,
        2,
        null,
        null,
        1,
        null,
        1,
        1,
        4,
        1,
        null,
        4,
        null,
        2,
        2,
        2,
        null,
        null,
        1,
        null,
        1,
        2,
        2,
        null,
        null,
        2,
        null,
        1,
        1,
        5,
        null,
        null,
        null,
        null,
        null,
        null,
        1,
        11,
        null,
        1,
        4,
        null,
        1,
        2,
        null,
        null,
        1,
        3,
        2,
        2,
        null,
        null,
        null,
        1,
        null,
        1,
        7,
        7,
        7,
        7,
        7,
        null,
        7,
        null,
        null,
        1,
        null,
        1,
        2,
        null,
        null,
        1,
        2,
        null,
        null,
        1,
        6,
        4,
        null,
        2,
        2,
        2,
        2,
        2,
        null,
        null,
        null,
        null,
        null,
        null,
        null,
        null,
        null,
        null,
        null,
        null,
        null,
        null,
        null,
        null,
        null,
        null,
        null,
        null,
        1,
        4,
        6,
        null,
        1,
        3,
        null,
        2,
        2,
        null,
        null,
        1,
        null,
        1,
        1,
        1,
        1,
        null,
        null,
        2,
        null,
        null,
        1,
        null,
        1,
        2,
        2,
        2,
        2,
        null,
        null,
        2,
        2,
        null,
        null,
        null
      ],
      "D:/RUBY_RAILS/jedzeniowo/spec/requests/meal_type_pages_spec.rb": [
        1,
        null,
        1,
        17,
        null,
        23,
        null,
        23,
        null,
        1,
        1,
        2,
        2,
        null,
        null,
        2,
        3,
        null,
        null,
        1,
        1,
        3,
        null,
        2,
        2,
        null,
        null,
        1,
        null,
        1,
        1,
        4,
        4,
        null,
        null,
        2,
        2,
        2,
        2,
        null,
        null,
        null,
        null,
        1,
        6,
        6,
        null,
        1,
        null,
        1,
        2,
        null,
        1,
        3,
        2,
        2,
        null,
        null,
        null,
        1,
        3,
        1,
        2,
        null,
        1,
        2,
        null,
        null,
        null,
        null,
        null,
        1,
        10,
        10,
        null,
        1,
        2,
        2,
        2,
        null,
        null,
        1,
        2,
        2,
        null,
        2,
        null,
        null,
        1,
        1,
        3,
        3,
        null,
        null,
        2,
        2,
        null,
        2,
        null,
        null,
        1,
        1,
        2,
        2,
        null,
        2,
        2,
        null,
        null,
        null
      ],
      "D:/RUBY_RAILS/jedzeniowo/spec/requests/pages_spec.rb": [
        1,
        null,
        1,
        6,
        null,
        1,
        4,
        4,
        null,
        null,
        1,
        4,
        2,
        2,
        null,
        1,
        2,
        null,
        null,
        1,
        3,
        2,
        2,
        null,
        1,
        null,
        null,
        1,
        1,
        1,
        1,
        1,
        1,
        1,
        1,
        1,
        null,
        null
      ],
      "D:/RUBY_RAILS/jedzeniowo/spec/requests/product_pages_spec.rb": [
        1,
        null,
        1,
        22,
        null,
        36,
        36,
        null,
        1,
        2,
        null,
        null,
        1,
        1,
        2,
        2,
        null,
        null,
        2,
        1,
        2,
        null,
        null,
        null,
        1,
        null,
        1,
        3,
        null,
        2,
        2,
        null,
        null,
        1,
        null,
        1,
        4,
        null,
        1,
        3,
        3,
        null,
        null,
        2,
        2,
        2,
        null,
        null,
        1,
        null,
        1,
        2,
        2,
        null,
        null,
        2,
        null,
        1,
        1,
        5,
        null,
        null,
        null,
        null,
        null,
        null,
        1,
        11,
        11,
        null,
        1,
        1,
        2,
        null,
        null,
        1,
        3,
        2,
        2,
        null,
        null,
        null,
        1,
        1,
        7,
        7,
        7,
        7,
        null,
        null,
        1,
        2,
        null,
        null,
        1,
        2,
        null,
        null,
        1,
        6,
        4,
        null,
        2,
        2,
        2,
        2,
        2,
        null,
        null,
        null,
        null,
        1,
        16,
        16,
        null,
        1,
        2,
        2,
        2,
        null,
        null,
        1,
        2,
        2,
        3,
        null,
        2,
        2,
        null,
        null,
        1,
        8,
        8,
        8,
        8,
        2,
        1,
        7,
        7,
        7,
        7,
        7,
        null,
        null,
        2,
        2,
        null,
        2,
        2,
        2,
        2,
        2,
        null,
        null,
        1,
        1,
        1,
        null,
        null,
        2,
        2,
        null,
        null,
        1,
        1,
        2,
        2,
        null,
        2,
        2,
        null,
        null,
        null
      ],
      "D:/RUBY_RAILS/jedzeniowo/spec/requests/user_pages_spec.rb": [
        1,
        null,
        1,
        22,
        null,
        1,
        8,
        null,
        1,
        7,
        7,
        null,
        null,
        1,
        null,
        2,
        2,
        null,
        1,
        null,
        2,
        2,
        null,
        2,
        null,
        1,
        1,
        6,
        null,
        null,
        null,
        null,
        null,
        1,
        null,
        1,
        3,
        3,
        3,
        3,
        null,
        null,
        2,
        null,
        1,
        2,
        null,
        null,
        2,
        null,
        null,
        null,
        1,
        10,
        8,
        null,
        1,
        1,
        2,
        null,
        null,
        1,
        3,
        null,
        2,
        2,
        null,
        null,
        null,
        1,
        1,
        4,
        4,
        4,
        4,
        null,
        null,
        1,
        2,
        null,
        null,
        1,
        4,
        2,
        null,
        2,
        2,
        2,
        null,
        null,
        null,
        2,
        2,
        null,
        null,
        1,
        4,
        4,
        null,
        2,
        2,
        2,
        null,
        null,
        1,
        10,
        1,
        9,
        9,
        null,
        null,
        1,
        2,
        2,
        null,
        null,
        1,
        2,
        null,
        2,
        null,
        null,
        1,
        6,
        6,
        null,
        1,
        5,
        5,
        5,
        5,
        5,
        null,
        null,
        2,
        2,
        2,
        2,
        2,
        null,
        null,
        1,
        1,
        1,
        null,
        null,
        1,
        1,
        1,
        null,
        2,
        null,
        null,
        null
      ],
      "D:/RUBY_RAILS/jedzeniowo/app/controllers/sessions_controller.rb": [
        1,
        null,
        1,
        null,
        null,
        1,
        115,
        115,
        112,
        112,
        null,
        3,
        3,
        null,
        null,
        null,
        1,
        2,
        2,
        null,
        null
      ],
      "D:/RUBY_RAILS/jedzeniowo/app/controllers/application_controller.rb": [
        1,
        null,
        null,
        1,
        1,
        null
      ],
      "D:/RUBY_RAILS/jedzeniowo/app/controllers/users_controller.rb": [
        1,
        1,
        1,
        1,
        1,
        1,
        null,
        1,
        10,
        null,
        null,
        1,
        7,
        7,
        4,
        4,
        4,
        null,
        3,
        null,
        null,
        null,
        1,
        null,
        null,
        1,
        null,
        null,
        1,
        7,
        6,
        6,
        null,
        1,
        null,
        null,
        null,
        1,
        11,
        null,
        null,
        1,
        1,
        1,
        1,
        null,
        null,
        1,
        null,
        1,
        14,
        null,
        null,
        1,
        149,
        null,
        null,
        1,
        19,
        2,
        2,
        null,
        null,
        null,
        1,
        13,
        null,
        null,
        1,
        21,
        null,
        null
      ],
      "D:/RUBY_RAILS/jedzeniowo/app/controllers/meal_types_controller.rb": [
        1,
        1,
        1,
        null,
        1,
        16,
        16,
        4,
        null,
        null,
        null,
        1,
        8,
        null,
        null,
        1,
        5,
        5,
        2,
        2,
        null,
        3,
        null,
        null,
        null,
        1,
        null,
        null,
        1,
        5,
        3,
        3,
        null,
        2,
        null,
        null,
        null,
        1,
        1,
        1,
        1,
        null,
        null,
        1,
        null,
        1,
        10,
        null,
        null,
        1,
        15,
        null,
        null,
        null
      ],
      "D:/RUBY_RAILS/jedzeniowo/app/controllers/pages_controller.rb": [
        1,
        1,
        9,
        null,
        null,
        1,
        null,
        null
      ],
      "D:/RUBY_RAILS/jedzeniowo/app/controllers/products_controller.rb": [
        1,
        1,
        1,
        null,
        1,
        27,
        27,
        3,
        null,
        null,
        null,
        1,
        12,
        null,
        null,
        1,
        10,
        10,
        7,
        7,
        null,
        3,
        null,
        null,
        null,
        1,
        null,
        null,
        1,
        9,
        7,
        7,
        null,
        2,
        null,
        null,
        null,
        1,
        1,
        1,
        1,
        null,
        null,
        1,
        null,
        1,
        19,
        null,
        null,
        1,
        25,
        null,
        null,
        null
      ],
      "D:/RUBY_RAILS/jedzeniowo/app/controllers/dishes_controller.rb": [
        1,
        1,
        1,
        null,
        1,
        13,
        13,
        null,
        null,
        1,
        9,
        null,
        null,
        1,
        15,
        15,
        null,
        null,
        1,
        5,
        null,
        null,
        1,
        10,
        10,
        7,
        7,
        null,
        3,
        null,
        null,
        null,
        1,
        3,
        3,
        2,
        2,
        null,
        1,
        null,
        null,
        null,
        1,
        2,
        2,
        2,
        2,
        null,
        null,
        1,
        null,
        1,
        13,
        null,
        null,
        null,
        1,
        55,
        null,
        null,
        null,
        null
      ]
    },
    "timestamp": 1396001671
  }
}
